# JRE version: OpenJDK Runtime Environment Temurin-20.0.1+9 (20.0.1+9) (build 20.0.1+9)
# Java VM: OpenJDK 64-Bit Server VM Temurin-20.0.1+9 (20.0.1+9, mixed mode, tiered, compressed oops, compressed class ptrs, g1 gc, windows-amd64)
GC Precious Log:
 CardTable entry size: 512
 Card Set container configuration: InlinePtr #cards 5 size 8 Array Of Cards #cards 12 size 40 Howl #buckets 4 coarsen threshold 1843 Howl Bitmap #cards 512 size 80 coarsen threshold 460 Card regions per heap region 1 cards per card region 2048
 CPUs: 8 total, 8 available
 Memory: 7103M
 Large Page Support: Disabled
 NUMA Support: Disabled
 Compressed Oops: Enabled (32-bit)
 Heap Region Size: 1M
 Heap Min Capacity: 8M
 Heap Initial Capacity: 112M
 Heap Max Capacity: 1776M
 Pre-touch: Disabled
 Parallel Workers: 8
 Concurrent Workers: 2
 Concurrent Refinement Workers: 8
 Periodic GC: Disabled
Heap:
 garbage-first heap   total 219136K, used 175866K [0x0000000091000000, 0x0000000100000000)
  region size 1024K, 109 young (111616K), 1 survivors (1024K)
 Metaspace       used 109292K, committed 111424K, reserved 1179648K
  class space    used 12410K, committed 13312K, reserved 1048576K
GC Heap History (20 events):
Event: 6030.510 GC heap after
{Heap after GC invocations=120 (full 6):
 garbage-first heap   total 219136K, used 102325K [0x0000000091000000, 0x0000000100000000)
  region size 1024K, 7 young (7168K), 7 survivors (7168K)
 Metaspace       used 110768K, committed 112064K, reserved 1179648K
  class space    used 12636K, committed 13312K, reserved 1048576K
}
Event: 6228.296 GC heap before
{Heap before GC invocations=120 (full 6):
 garbage-first heap   total 219136K, used 198581K [0x0000000091000000, 0x0000000100000000)
  region size 1024K, 101 young (103424K), 7 survivors (7168K)
 Metaspace       used 110771K, committed 112064K, reserved 1179648K
  class space    used 12636K, committed 13312K, reserved 1048576K
}
Event: 6228.302 GC heap after
{Heap after GC invocations=121 (full 6):
 garbage-first heap   total 219136K, used 102182K [0x0000000091000000, 0x0000000100000000)
  region size 1024K, 7 young (7168K), 7 survivors (7168K)
 Metaspace       used 110771K, committed 112064K, reserved 1179648K
  class space    used 12636K, committed 13312K, reserved 1048576K
}
Event: 6427.384 GC heap before
{Heap before GC invocations=122 (full 6):
 garbage-first heap   total 219136K, used 197414K [0x0000000091000000, 0x0000000100000000)
  region size 1024K, 101 young (103424K), 7 survivors (7168K)
 Metaspace       used 109734K, committed 111872K, reserved 1179648K
  class space    used 12464K, committed 13312K, reserved 1048576K
}
Event: 6427.389 GC heap after
{Heap after GC invocations=123 (full 6):
 garbage-first heap   total 219136K, used 101014K [0x0000000091000000, 0x0000000100000000)
  region size 1024K, 7 young (7168K), 7 survivors (7168K)
 Metaspace       used 109734K, committed 111872K, reserved 1179648K
  class space    used 12464K, committed 13312K, reserved 1048576K
}
Event: 6589.530 GC heap before
{Heap before GC invocations=123 (full 6):
 garbage-first heap   total 219136K, used 198294K [0x0000000091000000, 0x0000000100000000)
  region size 1024K, 102 young (104448K), 7 survivors (7168K)
 Metaspace       used 109847K, committed 111872K, reserved 1179648K
  class space    used 12465K, committed 13312K, reserved 1048576K
}
Event: 6589.541 GC heap after
{Heap after GC invocations=124 (full 6):
 garbage-first heap   total 219136K, used 79204K [0x0000000091000000, 0x0000000100000000)
  region size 1024K, 7 young (7168K), 7 survivors (7168K)
 Metaspace       used 109847K, committed 111872K, reserved 1179648K
  class space    used 12465K, committed 13312K, reserved 1048576K
}
Event: 6809.349 GC heap before
{Heap before GC invocations=124 (full 6):
 garbage-first heap   total 219136K, used 197988K [0x0000000091000000, 0x0000000100000000)
  region size 1024K, 123 young (125952K), 7 survivors (7168K)
 Metaspace       used 109953K, committed 111872K, reserved 1179648K
  class space    used 12470K, committed 13312K, reserved 1048576K
}
Event: 6809.384 GC heap after
{Heap after GC invocations=125 (full 6):
 garbage-first heap   total 219136K, used 68548K [0x0000000091000000, 0x0000000100000000)
  region size 1024K, 7 young (7168K), 7 survivors (7168K)
 Metaspace       used 109953K, committed 111872K, reserved 1179648K
  class space    used 12470K, committed 13312K, reserved 1048576K
}
Event: 7047.200 GC heap before
{Heap before GC invocations=125 (full 6):
 garbage-first heap   total 219136K, used 192452K [0x0000000091000000, 0x0000000100000000)
  region size 1024K, 128 young (131072K), 7 survivors (7168K)
 Metaspace       used 110016K, committed 111872K, reserved 1179648K
  class space    used 12471K, committed 13312K, reserved 1048576K
}
Event: 7047.224 GC heap after
{Heap after GC invocations=126 (full 6):
 garbage-first heap   total 219136K, used 68546K [0x0000000091000000, 0x0000000100000000)
  region size 1024K, 7 young (7168K), 7 survivors (7168K)
 Metaspace       used 110016K, committed 111872K, reserved 1179648K
  class space    used 12471K, committed 13312K, reserved 1048576K
}
Event: 7346.480 GC heap before
{Heap before GC invocations=127 (full 6):
 garbage-first heap   total 219136K, used 192450K [0x0000000091000000, 0x0000000100000000)
  region size 1024K, 128 young (131072K), 7 survivors (7168K)
 Metaspace       used 109136K, committed 111360K, reserved 1179648K
  class space    used 12395K, committed 13312K, reserved 1048576K
}
Event: 7346.487 GC heap after
{Heap after GC invocations=128 (full 6):
 garbage-first heap   total 219136K, used 68838K [0x0000000091000000, 0x0000000100000000)
  region size 1024K, 7 young (7168K), 7 survivors (7168K)
 Metaspace       used 109136K, committed 111360K, reserved 1179648K
  class space    used 12395K, committed 13312K, reserved 1048576K
}
Event: 7638.269 GC heap before
{Heap before GC invocations=128 (full 6):
 garbage-first heap   total 219136K, used 192742K [0x0000000091000000, 0x0000000100000000)
  region size 1024K, 128 young (131072K), 7 survivors (7168K)
 Metaspace       used 109144K, committed 111360K, reserved 1179648K
  class space    used 12395K, committed 13312K, reserved 1048576K
}
Event: 7638.333 GC heap after
{Heap after GC invocations=129 (full 6):
 garbage-first heap   total 219136K, used 66175K [0x0000000091000000, 0x0000000100000000)
  region size 1024K, 2 young (2048K), 2 survivors (2048K)
 Metaspace       used 109144K, committed 111360K, reserved 1179648K
  class space    used 12395K, committed 13312K, reserved 1048576K
}
Event: 7933.487 GC heap before
{Heap before GC invocations=129 (full 6):
 garbage-first heap   total 219136K, used 195199K [0x0000000091000000, 0x0000000100000000)
  region size 1024K, 128 young (131072K), 2 survivors (2048K)
 Metaspace       used 109144K, committed 111360K, reserved 1179648K
  class space    used 12395K, committed 13312K, reserved 1048576K
}
Event: 7933.531 GC heap after
{Heap after GC invocations=130 (full 6):
 garbage-first heap   total 219136K, used 66348K [0x0000000091000000, 0x0000000100000000)
  region size 1024K, 1 young (1024K), 1 survivors (1024K)
 Metaspace       used 109144K, committed 111360K, reserved 1179648K
  class space    used 12395K, committed 13312K, reserved 1048576K
}
Event: 8225.414 GC heap before
{Heap before GC invocations=131 (full 6):
 garbage-first heap   total 219136K, used 196396K [0x0000000091000000, 0x0000000100000000)
  region size 1024K, 128 young (131072K), 1 survivors (1024K)
 Metaspace       used 109125K, committed 111360K, reserved 1179648K
  class space    used 12388K, committed 13312K, reserved 1048576K
}
Event: 8225.619 GC heap after
{Heap after GC invocations=132 (full 6):
 garbage-first heap   total 219136K, used 66298K [0x0000000091000000, 0x0000000100000000)
  region size 1024K, 1 young (1024K), 1 survivors (1024K)
 Metaspace       used 109125K, committed 111360K, reserved 1179648K
  class space    used 12388K, committed 13312K, reserved 1048576K
}
Event: 8437.318 GC heap before
{Heap before GC invocations=132 (full 6):
 garbage-first heap   total 219136K, used 175866K [0x0000000091000000, 0x0000000100000000)
  region size 1024K, 109 young (111616K), 1 survivors (1024K)
 Metaspace       used 109292K, committed 111424K, reserved 1179648K
  class space    used 12410K, committed 13312K, reserved 1048576K
}

